2020-09-05 23:39:44.684  INFO 28616 --- [restartedMain] com.example.demo.DemoApplication         : Starting DemoApplication on DESKTOPA4HPRDC with PID 28616 (C:\javaEE\Myblogs\target\classes started by 50430 in C:\javaEE\Myblogs)
2020-09-05 23:39:44.692  INFO 28616 --- [restartedMain] com.example.demo.DemoApplication         : No active profile set, falling back to default profiles: default
2020-09-05 23:39:44.736  INFO 28616 --- [restartedMain] .e.DevToolsPropertyDefaultsPostProcessor : Devtools property defaults active! Set 'spring.devtools.add-properties' to 'false' to disable
2020-09-05 23:39:44.737  INFO 28616 --- [restartedMain] .e.DevToolsPropertyDefaultsPostProcessor : For additional web related logging consider setting the 'logging.level.web' property to 'DEBUG'
2020-09-05 23:39:46.441  INFO 28616 --- [restartedMain] o.s.b.w.embedded.tomcat.TomcatWebServer  : Tomcat initialized with port(s): 8080 (http)
2020-09-05 23:39:46.453  INFO 28616 --- [restartedMain] o.apache.catalina.core.StandardService   : Starting service [Tomcat]
2020-09-05 23:39:46.454  INFO 28616 --- [restartedMain] org.apache.catalina.core.StandardEngine  : Starting Servlet engine: [Apache Tomcat/9.0.31]
2020-09-05 23:39:46.545  INFO 28616 --- [restartedMain] o.a.c.c.C.[Tomcat].[localhost].[/]       : Initializing Spring embedded WebApplicationContext
2020-09-05 23:39:46.546  INFO 28616 --- [restartedMain] o.s.web.context.ContextLoader            : Root WebApplicationContext: initialization completed in 1809 ms
2020-09-05 23:39:46.961  INFO 28616 --- [restartedMain] o.s.s.concurrent.ThreadPoolTaskExecutor  : Initializing ExecutorService 'applicationTaskExecutor'
2020-09-05 23:39:47.012  INFO 28616 --- [restartedMain] o.s.b.a.w.s.WelcomePageHandlerMapping    : Adding welcome page template: index
2020-09-05 23:39:47.101  INFO 28616 --- [restartedMain] o.s.s.c.ThreadPoolTaskScheduler          : Initializing ExecutorService 'taskScheduler'
2020-09-05 23:39:47.216  INFO 28616 --- [restartedMain] o.s.b.d.a.OptionalLiveReloadServer       : LiveReload server is running on port 35729
2020-09-05 23:39:47.652  INFO 28616 --- [restartedMain] o.s.b.w.embedded.tomcat.TomcatWebServer  : Tomcat started on port(s): 8080 (http) with context path ''
2020-09-05 23:39:47.655  INFO 28616 --- [restartedMain] com.example.demo.DemoApplication         : Started DemoApplication in 3.278 seconds (JVM running for 5.07)
2020-09-05 23:41:51.253  INFO 2812 --- [restartedMain] com.example.demo.DemoApplication         : Starting DemoApplication on DESKTOPA4HPRDC with PID 2812 (C:\javaEE\Myblogs\target\classes started by 50430 in C:\javaEE\Myblogs)
2020-09-05 23:41:51.256  INFO 2812 --- [restartedMain] com.example.demo.DemoApplication         : No active profile set, falling back to default profiles: default
2020-09-05 23:41:51.310  INFO 2812 --- [restartedMain] .e.DevToolsPropertyDefaultsPostProcessor : Devtools property defaults active! Set 'spring.devtools.add-properties' to 'false' to disable
2020-09-05 23:41:51.310  INFO 2812 --- [restartedMain] .e.DevToolsPropertyDefaultsPostProcessor : For additional web related logging consider setting the 'logging.level.web' property to 'DEBUG'
2020-09-05 23:41:52.334  INFO 2812 --- [restartedMain] o.s.b.w.embedded.tomcat.TomcatWebServer  : Tomcat initialized with port(s): 8080 (http)
2020-09-05 23:41:52.345  INFO 2812 --- [restartedMain] o.apache.catalina.core.StandardService   : Starting service [Tomcat]
2020-09-05 23:41:52.345  INFO 2812 --- [restartedMain] org.apache.catalina.core.StandardEngine  : Starting Servlet engine: [Apache Tomcat/9.0.31]
2020-09-05 23:41:52.425  INFO 2812 --- [restartedMain] o.a.c.c.C.[Tomcat].[localhost].[/]       : Initializing Spring embedded WebApplicationContext
2020-09-05 23:41:52.425  INFO 2812 --- [restartedMain] o.s.web.context.ContextLoader            : Root WebApplicationContext: initialization completed in 1115 ms
2020-09-05 23:41:52.918  INFO 2812 --- [restartedMain] o.s.s.concurrent.ThreadPoolTaskExecutor  : Initializing ExecutorService 'applicationTaskExecutor'
2020-09-05 23:41:52.984  INFO 2812 --- [restartedMain] o.s.b.a.w.s.WelcomePageHandlerMapping    : Adding welcome page template: index
2020-09-05 23:41:53.083  INFO 2812 --- [restartedMain] o.s.s.c.ThreadPoolTaskScheduler          : Initializing ExecutorService 'taskScheduler'
2020-09-05 23:41:53.208  INFO 2812 --- [restartedMain] o.s.b.d.a.OptionalLiveReloadServer       : LiveReload server is running on port 35729
2020-09-05 23:41:53.254  INFO 2812 --- [restartedMain] o.s.b.w.embedded.tomcat.TomcatWebServer  : Tomcat started on port(s): 8080 (http) with context path ''
2020-09-05 23:41:53.257  INFO 2812 --- [restartedMain] com.example.demo.DemoApplication         : Started DemoApplication in 2.338 seconds (JVM running for 4.115)
2020-09-05 23:42:18.455  INFO 2812 --- [http-nio-8080-exec-1] o.a.c.c.C.[Tomcat].[localhost].[/]       : Initializing Spring DispatcherServlet 'dispatcherServlet'
2020-09-05 23:42:18.456  INFO 2812 --- [http-nio-8080-exec-1] o.s.web.servlet.DispatcherServlet        : Initializing Servlet 'dispatcherServlet'
2020-09-05 23:42:18.463  INFO 2812 --- [http-nio-8080-exec-1] o.s.web.servlet.DispatcherServlet        : Completed initialization in 7 ms
2020-09-05 23:42:26.410  INFO 2812 --- [http-nio-8080-exec-5] com.zaxxer.hikari.HikariDataSource       : HikariPool-1 - Starting...
2020-09-05 23:42:26.584  INFO 2812 --- [http-nio-8080-exec-5] com.zaxxer.hikari.HikariDataSource       : HikariPool-1 - Start completed.
2020-09-05 23:43:02.031  INFO 2812 --- [SpringContextShutdownHook] o.s.s.c.ThreadPoolTaskScheduler          : Shutting down ExecutorService 'taskScheduler'
2020-09-05 23:43:02.032  INFO 2812 --- [SpringContextShutdownHook] o.s.s.concurrent.ThreadPoolTaskExecutor  : Shutting down ExecutorService 'applicationTaskExecutor'
2020-09-05 23:43:02.032  INFO 2812 --- [SpringContextShutdownHook] com.zaxxer.hikari.HikariDataSource       : HikariPool-1 - Shutdown initiated...
2020-09-05 23:43:02.039  INFO 2812 --- [SpringContextShutdownHook] com.zaxxer.hikari.HikariDataSource       : HikariPool-1 - Shutdown completed.
